[INFO][server.go:34] 2025/11/15 15:24:10 start listen at  [::]:6379
[INFO][server.go:60] 2025/11/15 15:24:15 accepted link  127.0.0.1:44544
[INFO][parser.go:51] 2025/11/15 15:25:16 Read line: *3

[INFO][parser.go:51] 2025/11/15 15:25:16 Read line: $3

[INFO][parser.go:51] 2025/11/15 15:25:16 Read line: SET

[INFO][parser.go:51] 2025/11/15 15:25:16 Read line: $3

[INFO][parser.go:51] 2025/11/15 15:25:16 Read line: key

[INFO][parser.go:51] 2025/11/15 15:25:16 Read line: $5

[INFO][parser.go:51] 2025/11/15 15:25:16 Read line: value

[INFO][server.go:43] 2025/11/15 15:26:31 shutting down
[INFO][handler.go:90] 2025/11/15 15:26:31 close resp handler
[INFO][parser.go:51] 2025/11/15 15:26:31 Read line: 
[INFO][handler.go:55] 2025/11/15 15:26:31 connection closed: 127.0.0.1:44544
[INFO][handler.go:90] 2025/11/15 15:26:31 close resp handler
[INFO][server.go:34] 2025/11/15 15:26:35 start listen at  [::]:6379
[INFO][server.go:60] 2025/11/15 15:26:36 accepted link  127.0.0.1:44641
[INFO][parser.go:51] 2025/11/15 15:26:40 Read line: *3

[INFO][parser.go:51] 2025/11/15 15:26:40 Read line: $3

[INFO][parser.go:51] 2025/11/15 15:26:40 Read line: SET

[INFO][parser.go:51] 2025/11/15 15:26:40 Read line: $3

[INFO][parser.go:51] 2025/11/15 15:26:40 Read line: key

[INFO][parser.go:51] 2025/11/15 15:26:40 Read line: $5

[INFO][parser.go:51] 2025/11/15 15:26:40 Read line: value

[INFO][server.go:43] 2025/11/15 15:29:51 shutting down
[INFO][handler.go:90] 2025/11/15 15:29:51 close resp handler
[INFO][parser.go:51] 2025/11/15 15:29:51 Read line: 
[INFO][handler.go:55] 2025/11/15 15:29:51 connection closed: 127.0.0.1:44641
[INFO][handler.go:90] 2025/11/15 15:29:51 close resp handler
[INFO][server.go:34] 2025/11/15 15:29:52 start listen at  [::]:6379
[INFO][server.go:60] 2025/11/15 15:29:58 accepted link  127.0.0.1:44745
[INFO][parser.go:51] 2025/11/15 15:29:59 Read line: *3

[INFO][parser.go:51] 2025/11/15 15:29:59 Read line: $3

[INFO][parser.go:51] 2025/11/15 15:29:59 Read line: SET

[INFO][parser.go:51] 2025/11/15 15:29:59 Read line: $3

[INFO][parser.go:51] 2025/11/15 15:29:59 Read line: key

[INFO][parser.go:51] 2025/11/15 15:29:59 Read line: $5

[INFO][parser.go:51] 2025/11/15 15:29:59 Read line: value

[INFO][server.go:43] 2025/11/15 15:30:50 shutting down
[INFO][handler.go:90] 2025/11/15 15:30:50 close resp handler
[INFO][parser.go:51] 2025/11/15 15:30:50 Read line: 
[INFO][handler.go:55] 2025/11/15 15:30:50 connection closed: 127.0.0.1:44745
[INFO][handler.go:90] 2025/11/15 15:30:50 close resp handler
[INFO][server.go:34] 2025/11/15 15:30:51 start listen at  [::]:6379
[INFO][server.go:60] 2025/11/15 15:30:55 accepted link  127.0.0.1:44776
[INFO][parser.go:51] 2025/11/15 15:30:55 Read line: 
[INFO][handler.go:55] 2025/11/15 15:30:55 connection closed: 127.0.0.1:44776
[INFO][server.go:60] 2025/11/15 15:31:00 accepted link  127.0.0.1:44787
[INFO][parser.go:51] 2025/11/15 15:31:00 Read line: *3

[INFO][parser.go:51] 2025/11/15 15:31:00 Read line: $3

[INFO][parser.go:51] 2025/11/15 15:31:00 Read line: SET

[INFO][parser.go:51] 2025/11/15 15:31:00 Read line: $3

[INFO][parser.go:51] 2025/11/15 15:31:00 Read line: key

[INFO][parser.go:51] 2025/11/15 15:31:00 Read line: $5

[INFO][parser.go:51] 2025/11/15 15:31:00 Read line: value

[INFO][server.go:43] 2025/11/15 15:31:52 shutting down
[INFO][handler.go:90] 2025/11/15 15:31:52 close resp handler
[INFO][parser.go:51] 2025/11/15 15:31:52 Read line: 
[INFO][handler.go:55] 2025/11/15 15:31:52 connection closed: 127.0.0.1:44787
[INFO][handler.go:90] 2025/11/15 15:31:52 close resp handler
[INFO][server.go:34] 2025/11/15 15:31:53 start listen at  [::]:6379
[INFO][server.go:60] 2025/11/15 15:31:57 accepted link  127.0.0.1:44831
[INFO][parser.go:51] 2025/11/15 15:33:05 Read line: 
[INFO][handler.go:55] 2025/11/15 15:33:05 connection closed: 127.0.0.1:44831
[INFO][server.go:60] 2025/11/15 15:33:07 accepted link  127.0.0.1:45034
[INFO][parser.go:51] 2025/11/15 15:33:08 Read line: *3

[INFO][parser.go:51] 2025/11/15 15:33:08 Read line: $3

[INFO][parser.go:51] 2025/11/15 15:33:08 Read line: SET

[INFO][parser.go:51] 2025/11/15 15:33:08 Read line: $3

[INFO][parser.go:51] 2025/11/15 15:33:08 Read line: key

[INFO][parser.go:51] 2025/11/15 15:33:08 Read line: $5

[INFO][parser.go:51] 2025/11/15 15:33:08 Read line: value

[INFO][server.go:43] 2025/11/15 15:35:16 shutting down
[INFO][handler.go:90] 2025/11/15 15:35:16 close resp handler
[INFO][parser.go:51] 2025/11/15 15:35:16 Read line: 
[INFO][handler.go:55] 2025/11/15 15:35:16 connection closed: 127.0.0.1:45034
[INFO][handler.go:90] 2025/11/15 15:35:16 close resp handler
[INFO][server.go:34] 2025/11/15 15:35:39 start listen at  [::]:6379
[INFO][server.go:60] 2025/11/15 15:36:01 accepted link  127.0.0.1:45162
[INFO][parser.go:51] 2025/11/15 15:36:09 Read line: 
[INFO][handler.go:55] 2025/11/15 15:36:09 connection closed: 127.0.0.1:45162
[INFO][server.go:60] 2025/11/15 15:36:11 accepted link  127.0.0.1:45166
[INFO][parser.go:51] 2025/11/15 15:36:12 Read line: *3

[INFO][parser.go:51] 2025/11/15 15:36:12 Read line: $3

[INFO][parser.go:51] 2025/11/15 15:36:12 Read line: SET

[INFO][parser.go:51] 2025/11/15 15:36:12 Read line: $3

[INFO][parser.go:51] 2025/11/15 15:36:12 Read line: key

[INFO][parser.go:51] 2025/11/15 15:36:12 Read line: $5

[INFO][parser.go:51] 2025/11/15 15:36:12 Read line: value

[INFO][parser.go:51] 2025/11/15 15:36:15 Read line: *3

[INFO][parser.go:51] 2025/11/15 15:36:15 Read line: $3

[INFO][parser.go:51] 2025/11/15 15:36:15 Read line: SET

[INFO][parser.go:51] 2025/11/15 15:36:15 Read line: $3

[INFO][parser.go:51] 2025/11/15 15:36:15 Read line: key

[INFO][parser.go:51] 2025/11/15 15:36:15 Read line: $5

[INFO][parser.go:51] 2025/11/15 15:36:15 Read line: value

[INFO][parser.go:51] 2025/11/15 15:38:26 Read line: *3

[INFO][parser.go:51] 2025/11/15 15:38:26 Read line: $3

[INFO][parser.go:51] 2025/11/15 15:38:26 Read line: SET

[INFO][parser.go:51] 2025/11/15 15:38:26 Read line: $3

[INFO][parser.go:51] 2025/11/15 15:38:26 Read line: key

[INFO][parser.go:51] 2025/11/15 15:38:26 Read line: $5

[INFO][parser.go:51] 2025/11/15 15:38:26 Read line: value

[INFO][parser.go:51] 2025/11/15 15:38:26 Read line: *3

[INFO][parser.go:51] 2025/11/15 15:38:26 Read line: $3

[INFO][parser.go:51] 2025/11/15 15:38:26 Read line: SET

[INFO][parser.go:51] 2025/11/15 15:38:26 Read line: $3

[INFO][parser.go:51] 2025/11/15 15:38:26 Read line: key

[INFO][parser.go:51] 2025/11/15 15:38:26 Read line: $5

[INFO][parser.go:51] 2025/11/15 15:38:26 Read line: value

[INFO][parser.go:51] 2025/11/15 15:38:26 Read line: *3

[INFO][parser.go:51] 2025/11/15 15:38:26 Read line: $3

[INFO][parser.go:51] 2025/11/15 15:38:26 Read line: SET

[INFO][parser.go:51] 2025/11/15 15:38:26 Read line: $3

[INFO][parser.go:51] 2025/11/15 15:38:26 Read line: key

[INFO][parser.go:51] 2025/11/15 15:38:26 Read line: $5

[INFO][parser.go:51] 2025/11/15 15:38:26 Read line: value

[INFO][parser.go:51] 2025/11/15 15:38:26 Read line: *3

[INFO][parser.go:51] 2025/11/15 15:38:26 Read line: $3

[INFO][parser.go:51] 2025/11/15 15:38:26 Read line: SET

[INFO][parser.go:51] 2025/11/15 15:38:26 Read line: $3

[INFO][parser.go:51] 2025/11/15 15:38:26 Read line: key

[INFO][parser.go:51] 2025/11/15 15:38:26 Read line: $5

[INFO][parser.go:51] 2025/11/15 15:38:26 Read line: value

[INFO][server.go:43] 2025/11/15 16:05:27 shutting down
[INFO][handler.go:90] 2025/11/15 16:05:27 close resp handler
[INFO][parser.go:51] 2025/11/15 16:05:27 Read line: 
[INFO][handler.go:55] 2025/11/15 16:05:27 connection closed: 127.0.0.1:45166
[INFO][handler.go:90] 2025/11/15 16:05:27 close resp handler
[INFO][parser.go:51] 2025/11/15 16:05:32 Read line: *2

[INFO][parser.go:51] 2025/11/15 16:05:32 Read line: $6

[INFO][parser.go:51] 2025/11/15 16:05:32 Read line: select

[INFO][parser.go:51] 2025/11/15 16:05:32 Read line: $1

[INFO][parser.go:51] 2025/11/15 16:05:32 Read line: 0

[INFO][parser.go:51] 2025/11/15 16:05:32 Read line: *3

[INFO][parser.go:51] 2025/11/15 16:05:32 Read line: $3

[INFO][parser.go:51] 2025/11/15 16:05:32 Read line: set

[INFO][parser.go:51] 2025/11/15 16:05:32 Read line: $3

[INFO][parser.go:51] 2025/11/15 16:05:32 Read line: key

[INFO][parser.go:51] 2025/11/15 16:05:32 Read line: $5

[INFO][parser.go:51] 2025/11/15 16:05:32 Read line: value

[INFO][parser.go:51] 2025/11/15 16:05:32 Read line: *3

[INFO][parser.go:51] 2025/11/15 16:05:32 Read line: $3

[INFO][parser.go:51] 2025/11/15 16:05:32 Read line: set

[INFO][parser.go:51] 2025/11/15 16:05:32 Read line: $3

[INFO][parser.go:51] 2025/11/15 16:05:32 Read line: key

[INFO][parser.go:51] 2025/11/15 16:05:32 Read line: $5

[INFO][parser.go:51] 2025/11/15 16:05:32 Read line: value

[INFO][parser.go:51] 2025/11/15 16:05:32 Read line: *3

[INFO][parser.go:51] 2025/11/15 16:05:32 Read line: $3

[INFO][parser.go:51] 2025/11/15 16:05:32 Read line: set

[INFO][parser.go:51] 2025/11/15 16:05:32 Read line: $3

[INFO][parser.go:51] 2025/11/15 16:05:32 Read line: key

[INFO][parser.go:51] 2025/11/15 16:05:32 Read line: $5

[INFO][parser.go:51] 2025/11/15 16:05:32 Read line: value

[INFO][parser.go:51] 2025/11/15 16:05:32 Read line: *3

[INFO][parser.go:51] 2025/11/15 16:05:32 Read line: $3

[INFO][parser.go:51] 2025/11/15 16:05:32 Read line: set

[INFO][parser.go:51] 2025/11/15 16:05:32 Read line: $3

[INFO][parser.go:51] 2025/11/15 16:05:32 Read line: key

[INFO][parser.go:51] 2025/11/15 16:05:32 Read line: $5

[INFO][parser.go:51] 2025/11/15 16:05:32 Read line: value

[INFO][parser.go:51] 2025/11/15 16:05:32 Read line: *3

[INFO][parser.go:51] 2025/11/15 16:05:32 Read line: $3

[INFO][parser.go:51] 2025/11/15 16:05:32 Read line: set

[INFO][parser.go:51] 2025/11/15 16:05:32 Read line: $3

[INFO][parser.go:51] 2025/11/15 16:05:32 Read line: key

[INFO][parser.go:51] 2025/11/15 16:05:32 Read line: $5

[INFO][parser.go:51] 2025/11/15 16:05:32 Read line: value

[INFO][parser.go:51] 2025/11/15 16:05:32 Read line: *3

[INFO][parser.go:51] 2025/11/15 16:05:32 Read line: $3

[INFO][parser.go:51] 2025/11/15 16:05:32 Read line: set

[INFO][parser.go:51] 2025/11/15 16:05:32 Read line: $3

[INFO][parser.go:51] 2025/11/15 16:05:32 Read line: key

[INFO][parser.go:51] 2025/11/15 16:05:32 Read line: $5

[INFO][parser.go:51] 2025/11/15 16:05:32 Read line: value

[INFO][parser.go:51] 2025/11/15 16:05:32 Read line: 
[INFO][server.go:34] 2025/11/15 16:05:32 start listen at  [::]:6379
[INFO][server.go:60] 2025/11/15 16:05:33 accepted link  127.0.0.1:47920
[INFO][parser.go:51] 2025/11/15 16:05:36 Read line: 
[INFO][handler.go:55] 2025/11/15 16:05:36 connection closed: 127.0.0.1:47920
[INFO][server.go:60] 2025/11/15 16:05:41 accepted link  127.0.0.1:47924
[INFO][parser.go:51] 2025/11/15 16:06:30 Read line: *2

[INFO][parser.go:51] 2025/11/15 16:06:30 Read line: $6

[INFO][parser.go:51] 2025/11/15 16:06:30 Read line: SELECT

[INFO][parser.go:51] 2025/11/15 16:06:30 Read line: $1

[INFO][parser.go:51] 2025/11/15 16:06:30 Read line: 2

[INFO][parser.go:51] 2025/11/15 16:06:56 Read line: *3

[INFO][parser.go:51] 2025/11/15 16:06:56 Read line: $3

[INFO][parser.go:51] 2025/11/15 16:06:56 Read line: SET

[INFO][parser.go:51] 2025/11/15 16:06:56 Read line: $3

[INFO][parser.go:51] 2025/11/15 16:06:56 Read line: key

[INFO][parser.go:51] 2025/11/15 16:06:56 Read line: $5

[INFO][parser.go:51] 2025/11/15 16:06:56 Read line: value

[INFO][parser.go:51] 2025/11/15 16:08:02 Read line: *2

[INFO][parser.go:51] 2025/11/15 16:08:02 Read line: $3

[INFO][parser.go:51] 2025/11/15 16:08:02 Read line: GET

[INFO][parser.go:51] 2025/11/15 16:08:02 Read line: $3

[INFO][parser.go:51] 2025/11/15 16:08:02 Read line: key

[INFO][parser.go:51] 2025/11/15 16:08:40 Read line: *2

[INFO][parser.go:51] 2025/11/15 16:08:40 Read line: $6

[INFO][parser.go:51] 2025/11/15 16:08:40 Read line: SELECT

[INFO][parser.go:51] 2025/11/15 16:08:40 Read line: $1

[INFO][parser.go:51] 2025/11/15 16:08:40 Read line: 1

[INFO][parser.go:51] 2025/11/15 16:08:50 Read line: *2

[INFO][parser.go:51] 2025/11/15 16:08:50 Read line: $3

[INFO][parser.go:51] 2025/11/15 16:08:50 Read line: GET

[INFO][parser.go:51] 2025/11/15 16:08:50 Read line: $3

[INFO][parser.go:51] 2025/11/15 16:08:50 Read line: key

[ERROR][database.go:46] 2025/11/15 16:08:50 interface conversion: interface {} is nil, not *database.DataEntity
[INFO][parser.go:51] 2025/11/15 16:09:02 Read line: *2

[INFO][parser.go:51] 2025/11/15 16:09:02 Read line: $6

[INFO][parser.go:51] 2025/11/15 16:09:02 Read line: SELECT

[INFO][parser.go:51] 2025/11/15 16:09:02 Read line: $1

[INFO][parser.go:51] 2025/11/15 16:09:02 Read line: 2

[INFO][parser.go:51] 2025/11/15 16:09:08 Read line: *2

[INFO][parser.go:51] 2025/11/15 16:09:08 Read line: $6

[INFO][parser.go:51] 2025/11/15 16:09:08 Read line: SELECT

[INFO][parser.go:51] 2025/11/15 16:09:08 Read line: $1

[INFO][parser.go:51] 2025/11/15 16:09:08 Read line: 1

[INFO][parser.go:51] 2025/11/15 16:09:17 Read line: *2

[INFO][parser.go:51] 2025/11/15 16:09:17 Read line: $3

[INFO][parser.go:51] 2025/11/15 16:09:17 Read line: GET

[INFO][parser.go:51] 2025/11/15 16:09:17 Read line: $3

[INFO][parser.go:51] 2025/11/15 16:09:17 Read line: key

[ERROR][database.go:46] 2025/11/15 16:09:17 interface conversion: interface {} is nil, not *database.DataEntity
[INFO][parser.go:51] 2025/11/15 16:09:56 Read line: *2

[INFO][parser.go:51] 2025/11/15 16:09:56 Read line: $6

[INFO][parser.go:51] 2025/11/15 16:09:56 Read line: SELECT

[INFO][parser.go:51] 2025/11/15 16:09:56 Read line: $1

[INFO][parser.go:51] 2025/11/15 16:09:56 Read line: 2

[INFO][parser.go:51] 2025/11/15 16:10:02 Read line: *2

[INFO][parser.go:51] 2025/11/15 16:10:02 Read line: $3

[INFO][parser.go:51] 2025/11/15 16:10:02 Read line: GET

[INFO][parser.go:51] 2025/11/15 16:10:02 Read line: $3

[INFO][parser.go:51] 2025/11/15 16:10:02 Read line: key

[INFO][server.go:43] 2025/11/15 16:10:38 shutting down
[INFO][handler.go:90] 2025/11/15 16:10:38 close resp handler
[INFO][parser.go:51] 2025/11/15 16:10:38 Read line: 
[INFO][handler.go:55] 2025/11/15 16:10:38 connection closed: 127.0.0.1:47924
[INFO][handler.go:90] 2025/11/15 16:10:38 close resp handler
[INFO][parser.go:51] 2025/11/15 16:10:41 Read line: *2

[INFO][parser.go:51] 2025/11/15 16:10:41 Read line: $6

[INFO][parser.go:51] 2025/11/15 16:10:41 Read line: select

[INFO][parser.go:51] 2025/11/15 16:10:41 Read line: $1

[INFO][parser.go:51] 2025/11/15 16:10:41 Read line: 0

[INFO][parser.go:51] 2025/11/15 16:10:41 Read line: *3

[INFO][parser.go:51] 2025/11/15 16:10:41 Read line: $3

[INFO][parser.go:51] 2025/11/15 16:10:41 Read line: set

[INFO][parser.go:51] 2025/11/15 16:10:41 Read line: $3

[INFO][parser.go:51] 2025/11/15 16:10:41 Read line: key

[INFO][parser.go:51] 2025/11/15 16:10:41 Read line: $5

[INFO][parser.go:51] 2025/11/15 16:10:41 Read line: value

[INFO][parser.go:51] 2025/11/15 16:10:41 Read line: *3

[INFO][parser.go:51] 2025/11/15 16:10:41 Read line: $3

[INFO][parser.go:51] 2025/11/15 16:10:41 Read line: set

[INFO][parser.go:51] 2025/11/15 16:10:41 Read line: $3

[INFO][parser.go:51] 2025/11/15 16:10:41 Read line: key

[INFO][parser.go:51] 2025/11/15 16:10:41 Read line: $5

[INFO][parser.go:51] 2025/11/15 16:10:41 Read line: value

[INFO][parser.go:51] 2025/11/15 16:10:41 Read line: *3

[INFO][parser.go:51] 2025/11/15 16:10:41 Read line: $3

[INFO][parser.go:51] 2025/11/15 16:10:41 Read line: set

[INFO][parser.go:51] 2025/11/15 16:10:41 Read line: $3

[INFO][parser.go:51] 2025/11/15 16:10:41 Read line: key

[INFO][parser.go:51] 2025/11/15 16:10:41 Read line: $5

[INFO][parser.go:51] 2025/11/15 16:10:41 Read line: value

[INFO][parser.go:51] 2025/11/15 16:10:41 Read line: *3

[INFO][parser.go:51] 2025/11/15 16:10:41 Read line: $3

[INFO][parser.go:51] 2025/11/15 16:10:41 Read line: set

[INFO][parser.go:51] 2025/11/15 16:10:41 Read line: $3

[INFO][parser.go:51] 2025/11/15 16:10:41 Read line: key

[INFO][parser.go:51] 2025/11/15 16:10:41 Read line: $5

[INFO][parser.go:51] 2025/11/15 16:10:41 Read line: value

[INFO][parser.go:51] 2025/11/15 16:10:41 Read line: *3

[INFO][parser.go:51] 2025/11/15 16:10:41 Read line: $3

[INFO][parser.go:51] 2025/11/15 16:10:41 Read line: set

[INFO][parser.go:51] 2025/11/15 16:10:41 Read line: $3

[INFO][parser.go:51] 2025/11/15 16:10:41 Read line: key

[INFO][parser.go:51] 2025/11/15 16:10:41 Read line: $5

[INFO][parser.go:51] 2025/11/15 16:10:41 Read line: value

[INFO][parser.go:51] 2025/11/15 16:10:41 Read line: *3

[INFO][parser.go:51] 2025/11/15 16:10:41 Read line: $3

[INFO][parser.go:51] 2025/11/15 16:10:41 Read line: set

[INFO][parser.go:51] 2025/11/15 16:10:41 Read line: $3

[INFO][parser.go:51] 2025/11/15 16:10:41 Read line: key

[INFO][parser.go:51] 2025/11/15 16:10:41 Read line: $5

[INFO][parser.go:51] 2025/11/15 16:10:41 Read line: value

[INFO][parser.go:51] 2025/11/15 16:10:41 Read line: *2

[INFO][parser.go:51] 2025/11/15 16:10:41 Read line: $6

[INFO][parser.go:51] 2025/11/15 16:10:41 Read line: select

[INFO][parser.go:51] 2025/11/15 16:10:41 Read line: $1

[INFO][parser.go:51] 2025/11/15 16:10:41 Read line: 2

[INFO][parser.go:51] 2025/11/15 16:10:41 Read line: *3

[INFO][parser.go:51] 2025/11/15 16:10:41 Read line: $3

[INFO][parser.go:51] 2025/11/15 16:10:41 Read line: set

[INFO][parser.go:51] 2025/11/15 16:10:41 Read line: $3

[INFO][parser.go:51] 2025/11/15 16:10:41 Read line: key

[INFO][parser.go:51] 2025/11/15 16:10:41 Read line: $5

[INFO][parser.go:51] 2025/11/15 16:10:41 Read line: value

[INFO][parser.go:51] 2025/11/15 16:10:41 Read line: 
[INFO][server.go:34] 2025/11/15 16:10:41 start listen at  [::]:6379
[INFO][server.go:60] 2025/11/15 16:10:43 accepted link  127.0.0.1:48143
[INFO][parser.go:51] 2025/11/15 16:10:45 Read line: *2

[INFO][parser.go:51] 2025/11/15 16:10:45 Read line: $3

[INFO][parser.go:51] 2025/11/15 16:10:45 Read line: GET

[INFO][parser.go:51] 2025/11/15 16:10:45 Read line: $3

[INFO][parser.go:51] 2025/11/15 16:10:45 Read line: key

[INFO][parser.go:51] 2025/11/15 16:11:31 Read line: *2

[INFO][parser.go:51] 2025/11/15 16:11:31 Read line: $6

[INFO][parser.go:51] 2025/11/15 16:11:31 Read line: SELECT

[INFO][parser.go:51] 2025/11/15 16:11:31 Read line: $1

[INFO][parser.go:51] 2025/11/15 16:11:31 Read line: 1

[INFO][parser.go:51] 2025/11/15 16:11:49 Read line: *2

[INFO][parser.go:51] 2025/11/15 16:11:49 Read line: $3

[INFO][parser.go:51] 2025/11/15 16:11:49 Read line: GET

[INFO][parser.go:51] 2025/11/15 16:11:49 Read line: $3

[INFO][parser.go:51] 2025/11/15 16:11:49 Read line: key

[ERROR][database.go:46] 2025/11/15 16:13:40 interface conversion: interface {} is nil, not *database.DataEntity
[INFO][server.go:43] 2025/11/15 16:13:40 shutting down
[INFO][handler.go:90] 2025/11/15 16:13:40 close resp handler
[INFO][parser.go:51] 2025/11/15 16:13:40 Read line: 
[INFO][handler.go:55] 2025/11/15 16:13:40 connection closed: 127.0.0.1:48143
[INFO][handler.go:90] 2025/11/15 16:13:40 close resp handler
[INFO][parser.go:51] 2025/11/15 16:13:52 Read line: *2

[INFO][parser.go:51] 2025/11/15 16:13:52 Read line: $6

[INFO][parser.go:51] 2025/11/15 16:13:52 Read line: select

[INFO][parser.go:51] 2025/11/15 16:13:52 Read line: $1

[INFO][parser.go:51] 2025/11/15 16:13:52 Read line: 0

[INFO][parser.go:51] 2025/11/15 16:13:52 Read line: *3

[INFO][parser.go:51] 2025/11/15 16:13:52 Read line: $3

[INFO][parser.go:51] 2025/11/15 16:13:52 Read line: set

[INFO][parser.go:51] 2025/11/15 16:13:52 Read line: $3

[INFO][parser.go:51] 2025/11/15 16:13:52 Read line: key

[INFO][parser.go:51] 2025/11/15 16:13:52 Read line: $5

[INFO][parser.go:51] 2025/11/15 16:13:52 Read line: value

[INFO][parser.go:51] 2025/11/15 16:13:52 Read line: *3

[INFO][parser.go:51] 2025/11/15 16:13:52 Read line: $3

[INFO][parser.go:51] 2025/11/15 16:13:52 Read line: set

[INFO][parser.go:51] 2025/11/15 16:13:52 Read line: $3

[INFO][parser.go:51] 2025/11/15 16:13:52 Read line: key

[INFO][parser.go:51] 2025/11/15 16:13:52 Read line: $5

[INFO][parser.go:51] 2025/11/15 16:13:52 Read line: value

[INFO][parser.go:51] 2025/11/15 16:13:52 Read line: *3

[INFO][parser.go:51] 2025/11/15 16:13:52 Read line: $3

[INFO][parser.go:51] 2025/11/15 16:13:52 Read line: set

[INFO][parser.go:51] 2025/11/15 16:13:52 Read line: $3

[INFO][parser.go:51] 2025/11/15 16:13:52 Read line: key

[INFO][parser.go:51] 2025/11/15 16:13:52 Read line: $5

[INFO][parser.go:51] 2025/11/15 16:13:52 Read line: value

[INFO][parser.go:51] 2025/11/15 16:13:52 Read line: *3

[INFO][parser.go:51] 2025/11/15 16:13:52 Read line: $3

[INFO][parser.go:51] 2025/11/15 16:13:52 Read line: set

[INFO][parser.go:51] 2025/11/15 16:13:52 Read line: $3

[INFO][parser.go:51] 2025/11/15 16:13:52 Read line: key

[INFO][parser.go:51] 2025/11/15 16:13:52 Read line: $5

[INFO][parser.go:51] 2025/11/15 16:13:52 Read line: value

[INFO][parser.go:51] 2025/11/15 16:13:52 Read line: *3

[INFO][parser.go:51] 2025/11/15 16:13:52 Read line: $3

[INFO][parser.go:51] 2025/11/15 16:13:52 Read line: set

[INFO][parser.go:51] 2025/11/15 16:13:52 Read line: $3

[INFO][parser.go:51] 2025/11/15 16:13:52 Read line: key

[INFO][parser.go:51] 2025/11/15 16:13:52 Read line: $5

[INFO][parser.go:51] 2025/11/15 16:13:52 Read line: value

[INFO][parser.go:51] 2025/11/15 16:13:52 Read line: *3

[INFO][parser.go:51] 2025/11/15 16:13:52 Read line: $3

[INFO][parser.go:51] 2025/11/15 16:13:52 Read line: set

[INFO][parser.go:51] 2025/11/15 16:13:52 Read line: $3

[INFO][parser.go:51] 2025/11/15 16:13:52 Read line: key

[INFO][parser.go:51] 2025/11/15 16:13:52 Read line: $5

[INFO][parser.go:51] 2025/11/15 16:13:52 Read line: value

[INFO][parser.go:51] 2025/11/15 16:13:52 Read line: *2

[INFO][parser.go:51] 2025/11/15 16:13:52 Read line: $6

[INFO][parser.go:51] 2025/11/15 16:13:52 Read line: select

[INFO][parser.go:51] 2025/11/15 16:13:52 Read line: $1

[INFO][parser.go:51] 2025/11/15 16:13:52 Read line: 2

[INFO][parser.go:51] 2025/11/15 16:13:52 Read line: *3

[INFO][parser.go:51] 2025/11/15 16:13:52 Read line: $3

[INFO][parser.go:51] 2025/11/15 16:13:52 Read line: set

[INFO][parser.go:51] 2025/11/15 16:13:52 Read line: $3

[INFO][parser.go:51] 2025/11/15 16:13:52 Read line: key

[INFO][parser.go:51] 2025/11/15 16:13:52 Read line: $5

[INFO][parser.go:51] 2025/11/15 16:13:52 Read line: value

[INFO][parser.go:51] 2025/11/15 16:13:52 Read line: 
[INFO][server.go:34] 2025/11/15 16:13:52 start listen at  [::]:6379
[INFO][server.go:60] 2025/11/15 16:14:01 accepted link  127.0.0.1:48288
[INFO][parser.go:51] 2025/11/15 16:14:06 Read line: *2

[INFO][parser.go:51] 2025/11/15 16:14:06 Read line: $6

[INFO][parser.go:51] 2025/11/15 16:14:06 Read line: SELECT

[INFO][parser.go:51] 2025/11/15 16:14:06 Read line: $1

[INFO][parser.go:51] 2025/11/15 16:14:06 Read line: 1

[INFO][parser.go:51] 2025/11/15 16:14:11 Read line: *2

[INFO][parser.go:51] 2025/11/15 16:14:11 Read line: $3

[INFO][parser.go:51] 2025/11/15 16:14:11 Read line: GET

[INFO][parser.go:51] 2025/11/15 16:14:11 Read line: $3

[INFO][parser.go:51] 2025/11/15 16:14:11 Read line: key

[ERROR][database.go:46] 2025/11/15 16:16:53 interface conversion: interface {} is nil, not *database.DataEntity
[INFO][server.go:43] 2025/11/15 16:16:53 shutting down
[INFO][handler.go:90] 2025/11/15 16:16:53 close resp handler
[INFO][parser.go:51] 2025/11/15 16:16:53 Read line: 
[INFO][handler.go:55] 2025/11/15 16:16:53 connection closed: 127.0.0.1:48288
[INFO][handler.go:90] 2025/11/15 16:16:53 close resp handler
[INFO][parser.go:51] 2025/11/15 16:16:57 Read line: *2

[INFO][parser.go:51] 2025/11/15 16:16:57 Read line: $6

[INFO][parser.go:51] 2025/11/15 16:16:57 Read line: select

[INFO][parser.go:51] 2025/11/15 16:16:57 Read line: $1

[INFO][parser.go:51] 2025/11/15 16:16:57 Read line: 0

[INFO][parser.go:51] 2025/11/15 16:16:57 Read line: *3

[INFO][parser.go:51] 2025/11/15 16:16:57 Read line: $3

[INFO][parser.go:51] 2025/11/15 16:16:57 Read line: set

[INFO][parser.go:51] 2025/11/15 16:16:57 Read line: $3

[INFO][parser.go:51] 2025/11/15 16:16:57 Read line: key

[INFO][parser.go:51] 2025/11/15 16:16:57 Read line: $5

[INFO][parser.go:51] 2025/11/15 16:16:57 Read line: value

[INFO][parser.go:51] 2025/11/15 16:16:57 Read line: *3

[INFO][parser.go:51] 2025/11/15 16:16:57 Read line: $3

[INFO][parser.go:51] 2025/11/15 16:16:57 Read line: set

[INFO][parser.go:51] 2025/11/15 16:16:57 Read line: $3

[INFO][parser.go:51] 2025/11/15 16:16:57 Read line: key

[INFO][parser.go:51] 2025/11/15 16:16:57 Read line: $5

[INFO][parser.go:51] 2025/11/15 16:16:57 Read line: value

[INFO][parser.go:51] 2025/11/15 16:16:57 Read line: *3

[INFO][parser.go:51] 2025/11/15 16:16:57 Read line: $3

[INFO][parser.go:51] 2025/11/15 16:16:57 Read line: set

[INFO][parser.go:51] 2025/11/15 16:16:57 Read line: $3

[INFO][parser.go:51] 2025/11/15 16:16:57 Read line: key

[INFO][parser.go:51] 2025/11/15 16:16:57 Read line: $5

[INFO][parser.go:51] 2025/11/15 16:16:57 Read line: value

[INFO][parser.go:51] 2025/11/15 16:16:57 Read line: *3

[INFO][parser.go:51] 2025/11/15 16:16:57 Read line: $3

[INFO][parser.go:51] 2025/11/15 16:16:57 Read line: set

[INFO][parser.go:51] 2025/11/15 16:16:57 Read line: $3

[INFO][parser.go:51] 2025/11/15 16:16:57 Read line: key

[INFO][parser.go:51] 2025/11/15 16:16:57 Read line: $5

[INFO][parser.go:51] 2025/11/15 16:16:57 Read line: value

[INFO][parser.go:51] 2025/11/15 16:16:57 Read line: *3

[INFO][parser.go:51] 2025/11/15 16:16:57 Read line: $3

[INFO][parser.go:51] 2025/11/15 16:16:57 Read line: set

[INFO][parser.go:51] 2025/11/15 16:16:57 Read line: $3

[INFO][parser.go:51] 2025/11/15 16:16:57 Read line: key

[INFO][parser.go:51] 2025/11/15 16:16:57 Read line: $5

[INFO][parser.go:51] 2025/11/15 16:16:57 Read line: value

[INFO][parser.go:51] 2025/11/15 16:16:57 Read line: *3

[INFO][parser.go:51] 2025/11/15 16:16:57 Read line: $3

[INFO][parser.go:51] 2025/11/15 16:16:57 Read line: set

[INFO][parser.go:51] 2025/11/15 16:16:57 Read line: $3

[INFO][parser.go:51] 2025/11/15 16:16:57 Read line: key

[INFO][parser.go:51] 2025/11/15 16:16:57 Read line: $5

[INFO][parser.go:51] 2025/11/15 16:16:57 Read line: value

[INFO][parser.go:51] 2025/11/15 16:16:57 Read line: *2

[INFO][parser.go:51] 2025/11/15 16:16:57 Read line: $6

[INFO][parser.go:51] 2025/11/15 16:16:57 Read line: select

[INFO][parser.go:51] 2025/11/15 16:16:57 Read line: $1

[INFO][parser.go:51] 2025/11/15 16:16:57 Read line: 2

[INFO][parser.go:51] 2025/11/15 16:16:57 Read line: *3

[INFO][parser.go:51] 2025/11/15 16:16:57 Read line: $3

[INFO][parser.go:51] 2025/11/15 16:16:57 Read line: set

[INFO][parser.go:51] 2025/11/15 16:16:57 Read line: $3

[INFO][parser.go:51] 2025/11/15 16:16:57 Read line: key

[INFO][parser.go:51] 2025/11/15 16:16:57 Read line: $5

[INFO][parser.go:51] 2025/11/15 16:16:57 Read line: value

[INFO][parser.go:51] 2025/11/15 16:16:57 Read line: 
[INFO][server.go:34] 2025/11/15 16:16:57 start listen at  [::]:6379
[INFO][server.go:60] 2025/11/15 16:16:58 accepted link  127.0.0.1:48537
[INFO][server.go:43] 2025/11/15 16:16:58 shutting down
[INFO][handler.go:90] 2025/11/15 16:16:58 close resp handler
[INFO][parser.go:51] 2025/11/15 16:16:58 Read line: 
[INFO][handler.go:55] 2025/11/15 16:16:58 connection closed: 127.0.0.1:48537
[INFO][handler.go:90] 2025/11/15 16:16:58 close resp handler
[INFO][parser.go:51] 2025/11/15 16:17:02 Read line: *2

[INFO][parser.go:51] 2025/11/15 16:17:02 Read line: $6

[INFO][parser.go:51] 2025/11/15 16:17:02 Read line: select

[INFO][parser.go:51] 2025/11/15 16:17:02 Read line: $1

[INFO][parser.go:51] 2025/11/15 16:17:02 Read line: 0

[INFO][parser.go:51] 2025/11/15 16:17:02 Read line: *3

[INFO][parser.go:51] 2025/11/15 16:17:02 Read line: $3

[INFO][parser.go:51] 2025/11/15 16:17:02 Read line: set

[INFO][parser.go:51] 2025/11/15 16:17:02 Read line: $3

[INFO][parser.go:51] 2025/11/15 16:17:02 Read line: key

[INFO][parser.go:51] 2025/11/15 16:17:02 Read line: $5

[INFO][parser.go:51] 2025/11/15 16:17:02 Read line: value

[INFO][parser.go:51] 2025/11/15 16:17:02 Read line: *3

[INFO][parser.go:51] 2025/11/15 16:17:02 Read line: $3

[INFO][parser.go:51] 2025/11/15 16:17:02 Read line: set

[INFO][parser.go:51] 2025/11/15 16:17:02 Read line: $3

[INFO][parser.go:51] 2025/11/15 16:17:02 Read line: key

[INFO][parser.go:51] 2025/11/15 16:17:02 Read line: $5

[INFO][parser.go:51] 2025/11/15 16:17:02 Read line: value

[INFO][parser.go:51] 2025/11/15 16:17:02 Read line: *3

[INFO][parser.go:51] 2025/11/15 16:17:02 Read line: $3

[INFO][parser.go:51] 2025/11/15 16:17:02 Read line: set

[INFO][parser.go:51] 2025/11/15 16:17:02 Read line: $3

[INFO][parser.go:51] 2025/11/15 16:17:02 Read line: key

[INFO][parser.go:51] 2025/11/15 16:17:02 Read line: $5

[INFO][parser.go:51] 2025/11/15 16:17:02 Read line: value

[INFO][parser.go:51] 2025/11/15 16:17:02 Read line: *3

[INFO][parser.go:51] 2025/11/15 16:17:02 Read line: $3

[INFO][parser.go:51] 2025/11/15 16:17:02 Read line: set

[INFO][parser.go:51] 2025/11/15 16:17:02 Read line: $3

[INFO][parser.go:51] 2025/11/15 16:17:02 Read line: key

[INFO][parser.go:51] 2025/11/15 16:17:02 Read line: $5

[INFO][parser.go:51] 2025/11/15 16:17:02 Read line: value

[INFO][parser.go:51] 2025/11/15 16:17:02 Read line: *3

[INFO][parser.go:51] 2025/11/15 16:17:02 Read line: $3

[INFO][parser.go:51] 2025/11/15 16:17:02 Read line: set

[INFO][parser.go:51] 2025/11/15 16:17:02 Read line: $3

[INFO][parser.go:51] 2025/11/15 16:17:02 Read line: key

[INFO][parser.go:51] 2025/11/15 16:17:02 Read line: $5

[INFO][parser.go:51] 2025/11/15 16:17:02 Read line: value

[INFO][parser.go:51] 2025/11/15 16:17:02 Read line: *3

[INFO][parser.go:51] 2025/11/15 16:17:02 Read line: $3

[INFO][parser.go:51] 2025/11/15 16:17:02 Read line: set

[INFO][parser.go:51] 2025/11/15 16:17:02 Read line: $3

[INFO][parser.go:51] 2025/11/15 16:17:02 Read line: key

[INFO][parser.go:51] 2025/11/15 16:17:02 Read line: $5

[INFO][parser.go:51] 2025/11/15 16:17:02 Read line: value

[INFO][parser.go:51] 2025/11/15 16:17:02 Read line: *2

[INFO][parser.go:51] 2025/11/15 16:17:02 Read line: $6

[INFO][parser.go:51] 2025/11/15 16:17:02 Read line: select

[INFO][parser.go:51] 2025/11/15 16:17:02 Read line: $1

[INFO][parser.go:51] 2025/11/15 16:17:02 Read line: 2

[INFO][parser.go:51] 2025/11/15 16:17:02 Read line: *3

[INFO][parser.go:51] 2025/11/15 16:17:02 Read line: $3

[INFO][parser.go:51] 2025/11/15 16:17:02 Read line: set

[INFO][parser.go:51] 2025/11/15 16:17:02 Read line: $3

[INFO][parser.go:51] 2025/11/15 16:17:02 Read line: key

[INFO][parser.go:51] 2025/11/15 16:17:02 Read line: $5

[INFO][parser.go:51] 2025/11/15 16:17:02 Read line: value

[INFO][parser.go:51] 2025/11/15 16:17:02 Read line: 
[INFO][server.go:34] 2025/11/15 16:17:02 start listen at  [::]:6379
[INFO][server.go:60] 2025/11/15 16:17:03 accepted link  127.0.0.1:48553
[INFO][parser.go:51] 2025/11/15 16:17:09 Read line: *2

[INFO][parser.go:51] 2025/11/15 16:17:09 Read line: $6

[INFO][parser.go:51] 2025/11/15 16:17:09 Read line: SELECT

[INFO][parser.go:51] 2025/11/15 16:17:09 Read line: $1

[INFO][parser.go:51] 2025/11/15 16:17:09 Read line: 1

[INFO][parser.go:51] 2025/11/15 16:17:15 Read line: *2

[INFO][parser.go:51] 2025/11/15 16:17:15 Read line: $3

[INFO][parser.go:51] 2025/11/15 16:17:15 Read line: GET

[INFO][parser.go:51] 2025/11/15 16:17:15 Read line: $3

[INFO][parser.go:51] 2025/11/15 16:17:15 Read line: key

[INFO][server.go:43] 2025/11/15 16:35:17 shutting down
[INFO][handler.go:90] 2025/11/15 16:35:17 close resp handler
[INFO][parser.go:51] 2025/11/15 16:35:17 Read line: 
[INFO][handler.go:55] 2025/11/15 16:35:17 connection closed: 127.0.0.1:48553
[INFO][handler.go:90] 2025/11/15 16:35:17 close resp handler
[INFO][parser.go:51] 2025/11/15 16:35:18 Read line: *2

[INFO][parser.go:51] 2025/11/15 16:35:18 Read line: $6

[INFO][parser.go:51] 2025/11/15 16:35:18 Read line: select

[INFO][parser.go:51] 2025/11/15 16:35:18 Read line: $1

[INFO][parser.go:51] 2025/11/15 16:35:18 Read line: 0

[INFO][parser.go:51] 2025/11/15 16:35:18 Read line: *3

[INFO][parser.go:51] 2025/11/15 16:35:18 Read line: $3

[INFO][parser.go:51] 2025/11/15 16:35:18 Read line: set

[INFO][parser.go:51] 2025/11/15 16:35:18 Read line: $3

[INFO][parser.go:51] 2025/11/15 16:35:18 Read line: key

[INFO][parser.go:51] 2025/11/15 16:35:18 Read line: $5

[INFO][parser.go:51] 2025/11/15 16:35:18 Read line: value

[INFO][parser.go:51] 2025/11/15 16:35:18 Read line: 
[INFO][server.go:34] 2025/11/15 16:35:18 start listen at  [::]:6379
[INFO][server.go:60] 2025/11/15 16:35:22 accepted link  127.0.0.1:49632
[INFO][server.go:60] 2025/11/15 16:35:39 accepted link  127.0.0.1:49650
[INFO][parser.go:51] 2025/11/15 16:35:41 Read line: *2

[INFO][parser.go:51] 2025/11/15 16:35:41 Read line: $3

[INFO][parser.go:51] 2025/11/15 16:35:41 Read line: GET

[INFO][parser.go:51] 2025/11/15 16:35:41 Read line: $3

[INFO][parser.go:51] 2025/11/15 16:35:41 Read line: key

[INFO][server.go:43] 2025/11/15 16:35:46 shutting down
[INFO][handler.go:90] 2025/11/15 16:35:46 close resp handler
[INFO][parser.go:51] 2025/11/15 16:35:46 Read line: 
[INFO][handler.go:55] 2025/11/15 16:35:46 connection closed: 127.0.0.1:49632
[INFO][parser.go:51] 2025/11/15 16:35:46 Read line: 
[INFO][handler.go:55] 2025/11/15 16:35:46 connection closed: 127.0.0.1:49650
[INFO][handler.go:90] 2025/11/15 16:35:46 close resp handler
