[INFO][server.go:34] 2025/10/26 17:34:02 start listen at  [::]:6379
[INFO][server.go:60] 2025/10/26 17:34:33 accepted link  127.0.0.1:36641
[INFO][handler.go:56] 2025/10/26 17:36:27 connection closed: 127.0.0.1:36641
[INFO][server.go:60] 2025/10/26 17:36:51 accepted link  127.0.0.1:36748
[INFO][handler.go:56] 2025/10/26 17:37:16 connection closed: 127.0.0.1:36748
[INFO][server.go:43] 2025/10/26 17:37:28 shutting down
[INFO][handler.go:89] 2025/10/26 17:37:28 close resp handler
[INFO][handler.go:89] 2025/10/26 17:37:28 close resp handler
[INFO][server.go:34] 2025/10/26 17:37:28 start listen at  [::]:6379
[INFO][server.go:60] 2025/10/26 17:37:52 accepted link  127.0.0.1:36804
[INFO][server.go:43] 2025/10/26 17:39:19 shutting down
[INFO][handler.go:89] 2025/10/26 17:39:19 close resp handler
[INFO][handler.go:56] 2025/10/26 17:39:19 connection closed: 127.0.0.1:36804
[INFO][handler.go:89] 2025/10/26 17:39:19 close resp handler
[INFO][server.go:34] 2025/10/26 17:39:23 start listen at  [::]:6379
[INFO][server.go:60] 2025/10/26 17:39:28 accepted link  127.0.0.1:36862
[INFO][handler.go:56] 2025/10/26 17:39:56 connection closed: 127.0.0.1:36862
[INFO][server.go:60] 2025/10/26 17:41:33 accepted link  127.0.0.1:37291
[INFO][handler.go:56] 2025/10/26 17:41:33 connection closed: 127.0.0.1:37291
[INFO][server.go:60] 2025/10/26 17:41:49 accepted link  127.0.0.1:37309
[INFO][handler.go:56] 2025/10/26 17:41:49 connection closed: 127.0.0.1:37309
[INFO][server.go:60] 2025/10/26 17:42:44 accepted link  127.0.0.1:37433
[INFO][server.go:43] 2025/10/26 17:44:18 shutting down
[INFO][handler.go:89] 2025/10/26 17:44:18 close resp handler
[INFO][handler.go:56] 2025/10/26 17:44:18 connection closed: 127.0.0.1:37433
[INFO][handler.go:89] 2025/10/26 17:44:18 close resp handler
[INFO][server.go:34] 2025/10/26 17:44:20 start listen at  [::]:6379
[INFO][server.go:60] 2025/10/26 17:44:22 accepted link  127.0.0.1:37496
[INFO][handler.go:51] 2025/10/26 17:44:31 收到消息： &{<nil> protocol error: \r\n}
[ERROR][parser.go:40] 2025/10/26 17:44:31 goroutine 18 [running]:
runtime/debug.Stack()
	C:/Users/awu/go/go1.24.8/src/runtime/debug/stack.go:26 +0x5e
go-redis/resp/parser.parse0.func1()
	D:/codes/go-redis/resp/parser/parser.go:40 +0x25
panic({0x5ab540?, 0xc000198018?})
	C:/Users/awu/go/go1.24.8/src/runtime/panic.go:792 +0x132
go-redis/resp/parser.readLine(0xc0001880c0?, 0xc00011fec0?)
	D:/codes/go-redis/resp/parser/parser.go:142 +0x230
go-redis/resp/parser.parse0({0x165eb683fc8, 0xc000054090?}, 0xc00018e000)
	D:/codes/go-redis/resp/parser/parser.go:50 +0x1de
created by go-redis/resp/parser.ParseStream in goroutine 10
	D:/codes/go-redis/resp/parser/parser.go:33 +0x86

[INFO][server.go:43] 2025/10/26 17:45:30 shutting down
[INFO][handler.go:90] 2025/10/26 17:45:30 close resp handler
[INFO][server.go:34] 2025/10/26 17:45:43 start listen at  [::]:6379
[INFO][server.go:60] 2025/10/26 17:45:46 accepted link  127.0.0.1:37543
[INFO][handler.go:51] 2025/10/26 17:45:55 收到消息： &{<nil> protocol error: $4\r\nPING\r\n
}
[INFO][server.go:43] 2025/10/26 17:47:41 shutting down
[INFO][handler.go:90] 2025/10/26 17:47:41 close resp handler
[INFO][handler.go:51] 2025/10/26 17:47:41 收到消息： &{<nil> read tcp 127.0.0.1:6379->127.0.0.1:37543: use of closed network connection}
[INFO][handler.go:57] 2025/10/26 17:47:41 connection closed: 127.0.0.1:37543
[INFO][handler.go:90] 2025/10/26 17:47:41 close resp handler
[INFO][server.go:34] 2025/10/26 17:47:43 start listen at  [::]:6379
[INFO][server.go:60] 2025/10/26 17:47:50 accepted link  127.0.0.1:37603
[INFO][parser.go:51] 2025/10/26 17:47:52 Read line: [127 22 13 10]
[INFO][server.go:43] 2025/10/26 17:48:12 shutting down
[INFO][handler.go:89] 2025/10/26 17:48:12 close resp handler
[INFO][parser.go:51] 2025/10/26 17:48:12 Read line: []
[INFO][handler.go:56] 2025/10/26 17:48:12 connection closed: 127.0.0.1:37603
[INFO][handler.go:89] 2025/10/26 17:48:12 close resp handler
[INFO][server.go:34] 2025/10/26 17:48:15 start listen at  [::]:6379
[INFO][server.go:60] 2025/10/26 17:49:39 accepted link  127.0.0.1:37658
[INFO][parser.go:51] 2025/10/26 17:49:44 Read line: 

[INFO][parser.go:51] 2025/10/26 17:49:52 Read line: 

[INFO][parser.go:51] 2025/10/26 17:50:02 Read line: $4\r\nPING\e\n

[INFO][parser.go:51] 2025/10/26 17:50:08 Read line: [A

[INFO][parser.go:51] 2025/10/26 17:50:20 Read line: $4\r\nPINMG\r\n

[INFO][server.go:43] 2025/10/26 17:54:24 shutting down
[INFO][handler.go:89] 2025/10/26 17:54:24 close resp handler
[INFO][parser.go:51] 2025/10/26 17:54:24 Read line: 
[INFO][handler.go:56] 2025/10/26 17:54:24 connection closed: 127.0.0.1:37658
[INFO][handler.go:89] 2025/10/26 17:54:24 close resp handler
[INFO][server.go:34] 2025/10/26 17:54:26 start listen at  [::]:6379
[INFO][server.go:60] 2025/10/26 17:55:12 accepted link  127.0.0.1:37898
[INFO][parser.go:51] 2025/10/26 17:55:23 Read line: $3\r\nawu\r\n

[INFO][parser.go:82] 2025/10/26 17:55:23 收到多行字符串： $3\r\nawu\r\n

[INFO][server.go:43] 2025/10/26 17:55:44 shutting down
[INFO][handler.go:89] 2025/10/26 17:55:44 close resp handler
[INFO][parser.go:51] 2025/10/26 17:55:44 Read line: 
[INFO][handler.go:56] 2025/10/26 17:55:44 connection closed: 127.0.0.1:37898
[INFO][handler.go:89] 2025/10/26 17:55:44 close resp handler
[INFO][server.go:34] 2025/10/26 17:55:46 start listen at  [::]:6379
[INFO][server.go:60] 2025/10/26 17:55:49 accepted link  127.0.0.1:37929
[INFO][parser.go:51] 2025/10/26 17:55:58 Read line: $4\r\nPING\r\n

[INFO][parser.go:82] 2025/10/26 17:55:58 收到多行字符串： $4\r\nPING\r\n

[INFO][server.go:43] 2025/10/26 17:56:41 shutting down
[INFO][handler.go:89] 2025/10/26 17:56:41 close resp handler
[INFO][parser.go:51] 2025/10/26 17:56:41 Read line: 
[INFO][handler.go:56] 2025/10/26 17:56:41 connection closed: 127.0.0.1:37929
[INFO][handler.go:89] 2025/10/26 17:56:41 close resp handler
[INFO][server.go:34] 2025/10/26 17:56:41 start listen at  [::]:6379
[INFO][server.go:60] 2025/10/26 17:56:53 accepted link  127.0.0.1:37971
[INFO][parser.go:51] 2025/10/26 17:57:03 Read line: $3\r\nawu\r\n

[INFO][parser.go:82] 2025/10/26 17:57:03 收到多行字符串： $3\r\nawu\r\n

[INFO][server.go:43] 2025/10/26 17:58:53 shutting down
[INFO][handler.go:89] 2025/10/26 17:58:53 close resp handler
[INFO][parser.go:51] 2025/10/26 17:58:53 Read line: 
[INFO][handler.go:56] 2025/10/26 17:58:53 connection closed: 127.0.0.1:37971
[INFO][handler.go:89] 2025/10/26 17:58:53 close resp handler
[INFO][server.go:34] 2025/10/26 17:58:53 start listen at  [::]:6379
[INFO][server.go:60] 2025/10/26 17:58:55 accepted link  127.0.0.1:38060
[INFO][parser.go:51] 2025/10/26 17:59:30 Read line: *3\r\n$3\r\nSET\r\n$3\r\nkey\r\n$5r\nvalue\r\n

[INFO][server.go:43] 2025/10/26 18:02:05 shutting down
[INFO][handler.go:89] 2025/10/26 18:02:05 close resp handler
[INFO][parser.go:51] 2025/10/26 18:02:05 Read line: 
[INFO][handler.go:56] 2025/10/26 18:02:05 connection closed: 127.0.0.1:38060
[INFO][handler.go:89] 2025/10/26 18:02:05 close resp handler
[INFO][server.go:34] 2025/10/26 18:02:05 start listen at  [::]:6379
[INFO][server.go:43] 2025/10/26 18:08:51 shutting down
[INFO][handler.go:89] 2025/10/26 18:08:51 close resp handler
[INFO][server.go:34] 2025/10/26 18:08:52 start listen at  [::]:6379
[INFO][server.go:43] 2025/10/26 18:09:35 shutting down
[INFO][handler.go:89] 2025/10/26 18:09:35 close resp handler
[INFO][handler.go:89] 2025/10/26 18:09:35 close resp handler
[INFO][server.go:34] 2025/10/26 18:09:36 start listen at  [::]:6379
[INFO][server.go:60] 2025/10/26 18:10:32 accepted link  127.0.0.1:38852
[INFO][parser.go:51] 2025/10/26 18:10:33 Read line: $3

[INFO][parser.go:82] 2025/10/26 18:10:33 收到多行字符串： $3

[INFO][parser.go:51] 2025/10/26 18:11:08 Read line: awu

[INFO][handler.go:76] 2025/10/26 18:11:17 request data type is not MultiBulkReply
[INFO][server.go:43] 2025/10/26 18:11:28 shutting down
[INFO][handler.go:89] 2025/10/26 18:11:28 close resp handler
[INFO][parser.go:51] 2025/10/26 18:11:28 Read line: 
[INFO][handler.go:56] 2025/10/26 18:11:28 connection closed: 127.0.0.1:38852
[INFO][handler.go:89] 2025/10/26 18:11:28 close resp handler
[INFO][server.go:34] 2025/10/26 18:11:29 start listen at  [::]:6379
[INFO][server.go:60] 2025/10/26 18:11:35 accepted link  127.0.0.1:38881
[INFO][parser.go:51] 2025/10/26 18:11:36 Read line: $3

[INFO][parser.go:82] 2025/10/26 18:11:36 收到多行字符串： $3

[INFO][parser.go:51] 2025/10/26 18:11:36 Read line: awu

[INFO][handler.go:76] 2025/10/26 18:11:36 request data type is not MultiBulkReply
[INFO][parser.go:51] 2025/10/26 18:11:37 Read line: $3

[INFO][parser.go:82] 2025/10/26 18:11:37 收到多行字符串： $3

[INFO][parser.go:51] 2025/10/26 18:11:37 Read line: awu

[INFO][handler.go:76] 2025/10/26 18:11:37 request data type is not MultiBulkReply
[INFO][parser.go:51] 2025/10/26 18:11:38 Read line: $3

[INFO][parser.go:82] 2025/10/26 18:11:38 收到多行字符串： $3

[INFO][parser.go:51] 2025/10/26 18:11:38 Read line: awu

[INFO][handler.go:76] 2025/10/26 18:11:38 request data type is not MultiBulkReply
[INFO][parser.go:51] 2025/10/26 18:11:38 Read line: $3

[INFO][parser.go:82] 2025/10/26 18:11:38 收到多行字符串： $3

[INFO][parser.go:51] 2025/10/26 18:11:38 Read line: awu

[INFO][handler.go:76] 2025/10/26 18:11:38 request data type is not MultiBulkReply
[INFO][parser.go:51] 2025/10/26 18:11:38 Read line: $3

[INFO][parser.go:82] 2025/10/26 18:11:38 收到多行字符串： $3

[INFO][parser.go:51] 2025/10/26 18:11:38 Read line: awu

[INFO][handler.go:76] 2025/10/26 18:11:38 request data type is not MultiBulkReply
[INFO][parser.go:51] 2025/10/26 18:11:38 Read line: $3

[INFO][parser.go:82] 2025/10/26 18:11:38 收到多行字符串： $3

[INFO][parser.go:51] 2025/10/26 18:11:38 Read line: awu

[INFO][handler.go:76] 2025/10/26 18:11:38 request data type is not MultiBulkReply
[INFO][parser.go:51] 2025/10/26 18:11:39 Read line: $3

[INFO][parser.go:82] 2025/10/26 18:11:39 收到多行字符串： $3

[INFO][parser.go:51] 2025/10/26 18:11:39 Read line: awu

[INFO][handler.go:76] 2025/10/26 18:11:39 request data type is not MultiBulkReply
[INFO][parser.go:51] 2025/10/26 18:11:39 Read line: $3

[INFO][parser.go:82] 2025/10/26 18:11:39 收到多行字符串： $3

[INFO][parser.go:51] 2025/10/26 18:11:39 Read line: awu

[INFO][handler.go:76] 2025/10/26 18:11:39 request data type is not MultiBulkReply
[INFO][parser.go:51] 2025/10/26 18:11:47 Read line: *3

[INFO][parser.go:51] 2025/10/26 18:11:47 Read line: $3

[INFO][parser.go:51] 2025/10/26 18:11:47 Read line: SET

[INFO][parser.go:51] 2025/10/26 18:11:47 Read line: $3

[INFO][parser.go:51] 2025/10/26 18:11:47 Read line: key

[INFO][parser.go:51] 2025/10/26 18:11:47 Read line: $5

[INFO][parser.go:51] 2025/10/26 18:11:47 Read line: value

[INFO][parser.go:51] 2025/10/26 18:12:25 Read line: *3

[INFO][parser.go:51] 2025/10/26 18:12:25 Read line: $3

[INFO][parser.go:51] 2025/10/26 18:12:25 Read line: SET

[INFO][parser.go:51] 2025/10/26 18:12:25 Read line: $3

[INFO][parser.go:51] 2025/10/26 18:12:26 Read line: key

[INFO][parser.go:51] 2025/10/26 18:12:26 Read line: $5

[INFO][parser.go:51] 2025/10/26 18:12:26 Read line: value

[INFO][server.go:43] 2025/10/26 18:13:37 shutting down
[INFO][handler.go:89] 2025/10/26 18:13:37 close resp handler
[INFO][parser.go:51] 2025/10/26 18:13:37 Read line: 
[INFO][handler.go:56] 2025/10/26 18:13:37 connection closed: 127.0.0.1:38881
[INFO][handler.go:89] 2025/10/26 18:13:37 close resp handler
[INFO][server.go:34] 2025/10/26 18:13:37 start listen at  [::]:6379
[INFO][server.go:60] 2025/10/26 18:13:42 accepted link  127.0.0.1:39025
[INFO][parser.go:51] 2025/10/26 18:13:46 Read line: *3

[INFO][parser.go:51] 2025/10/26 18:13:46 Read line: $3

[INFO][parser.go:51] 2025/10/26 18:13:46 Read line: SET

[INFO][parser.go:51] 2025/10/26 18:13:46 Read line: $3

[INFO][parser.go:51] 2025/10/26 18:13:46 Read line: key

[INFO][parser.go:51] 2025/10/26 18:13:46 Read line: $5

[INFO][parser.go:51] 2025/10/26 18:13:46 Read line: value

[INFO][parser.go:51] 2025/10/26 18:15:15 Read line: *3

[INFO][parser.go:51] 2025/10/26 18:15:15 Read line: $3

[INFO][parser.go:51] 2025/10/26 18:15:15 Read line: SET

[INFO][parser.go:51] 2025/10/26 18:15:15 Read line: $3

[INFO][parser.go:51] 2025/10/26 18:15:15 Read line: key

[INFO][parser.go:51] 2025/10/26 18:15:15 Read line: $5

[INFO][parser.go:51] 2025/10/26 18:15:15 Read line: value

[INFO][parser.go:51] 2025/10/26 18:15:15 Read line: 
[INFO][handler.go:65] 2025/10/26 18:15:15 connection closed: 127.0.0.1:39025
[INFO][server.go:43] 2025/10/26 18:15:15 shutting down
[INFO][handler.go:89] 2025/10/26 18:15:15 close resp handler
