[INFO][server.go:34] 2025/11/14 19:41:47 start listen at  [::]:6379
[INFO][server.go:60] 2025/11/14 19:41:53 accepted link  127.0.0.1:26143
[INFO][parser.go:51] 2025/11/14 19:42:08 Read line: *3

[INFO][server.go:43] 2025/11/14 20:06:09 shutting down
[INFO][handler.go:90] 2025/11/14 20:06:09 close resp handler
[INFO][parser.go:51] 2025/11/14 20:06:09 Read line: 
[INFO][handler.go:55] 2025/11/14 20:06:09 connection closed: 127.0.0.1:26143
[INFO][handler.go:90] 2025/11/14 20:06:09 close resp handler
[INFO][server.go:34] 2025/11/14 20:06:16 start listen at  [::]:6379
[INFO][server.go:60] 2025/11/14 20:06:24 accepted link  127.0.0.1:27509
[INFO][server.go:60] 2025/11/14 20:06:56 accepted link  127.0.0.1:27515
[INFO][parser.go:51] 2025/11/14 20:07:19 Read line: $4

[INFO][parser.go:82] 2025/11/14 20:07:19 收到多行字符串： $4

[INFO][parser.go:51] 2025/11/14 20:07:19 Read line: PING

[INFO][handler.go:77] 2025/11/14 20:07:19 request data type is not MultiBulkReply
[INFO][server.go:43] 2025/11/14 20:07:19 shutting down
[INFO][handler.go:90] 2025/11/14 20:07:19 close resp handler
[INFO][parser.go:51] 2025/11/14 20:07:19 Read line: 
[INFO][handler.go:55] 2025/11/14 20:07:19 connection closed: 127.0.0.1:27515
[INFO][parser.go:51] 2025/11/14 20:07:19 Read line: 
[INFO][handler.go:55] 2025/11/14 20:07:19 connection closed: 127.0.0.1:27509
[INFO][handler.go:90] 2025/11/14 20:07:19 close resp handler
[INFO][server.go:34] 2025/11/14 20:07:20 start listen at  [::]:6379
[INFO][server.go:60] 2025/11/14 20:07:24 accepted link  127.0.0.1:27755
[INFO][server.go:60] 2025/11/14 20:07:38 accepted link  127.0.0.1:27756
[INFO][parser.go:51] 2025/11/14 20:07:41 Read line: $4

[INFO][parser.go:82] 2025/11/14 20:07:52 收到多行字符串： $4

[INFO][parser.go:51] 2025/11/14 20:08:21 Read line: PING

[INFO][handler.go:77] 2025/11/14 20:08:21 request data type is not MultiBulkReply
[INFO][server.go:43] 2025/11/14 20:08:21 shutting down
[INFO][handler.go:90] 2025/11/14 20:08:21 close resp handler
[INFO][parser.go:51] 2025/11/14 20:08:21 Read line: 
[INFO][handler.go:55] 2025/11/14 20:08:21 connection closed: 127.0.0.1:27756
[INFO][parser.go:51] 2025/11/14 20:08:21 Read line: 
[INFO][handler.go:55] 2025/11/14 20:08:21 connection closed: 127.0.0.1:27755
[INFO][handler.go:90] 2025/11/14 20:08:21 close resp handler
[INFO][server.go:34] 2025/11/14 20:08:22 start listen at  [::]:6379
[INFO][server.go:60] 2025/11/14 20:08:26 accepted link  127.0.0.1:27812
[INFO][server.go:60] 2025/11/14 20:08:26 accepted link  127.0.0.1:27811
[INFO][parser.go:51] 2025/11/14 20:08:31 Read line: $4

[INFO][parser.go:82] 2025/11/14 20:08:31 收到多行字符串： $4

[INFO][parser.go:51] 2025/11/14 20:08:31 Read line: PING

[INFO][handler.go:77] 2025/11/14 20:08:31 request data type is not MultiBulkReply
[INFO][parser.go:51] 2025/11/14 20:08:37 Read line: $4

[INFO][parser.go:82] 2025/11/14 20:08:37 收到多行字符串： $4

[INFO][parser.go:51] 2025/11/14 20:08:37 Read line: PING

[INFO][handler.go:77] 2025/11/14 20:08:37 request data type is not MultiBulkReply
[INFO][parser.go:51] 2025/11/14 20:08:39 Read line: 
[INFO][handler.go:55] 2025/11/14 20:08:39 connection closed: 127.0.0.1:27811
[INFO][server.go:60] 2025/11/14 20:08:41 accepted link  127.0.0.1:27823
[INFO][parser.go:51] 2025/11/14 20:08:42 Read line: $4

[INFO][parser.go:82] 2025/11/14 20:08:42 收到多行字符串： $4

[INFO][parser.go:51] 2025/11/14 20:08:42 Read line: PING

[INFO][handler.go:77] 2025/11/14 20:08:42 request data type is not MultiBulkReply
[INFO][server.go:43] 2025/11/14 20:08:46 shutting down
[INFO][handler.go:90] 2025/11/14 20:08:46 close resp handler
[INFO][parser.go:51] 2025/11/14 20:08:46 Read line: 
[INFO][handler.go:55] 2025/11/14 20:08:46 connection closed: 127.0.0.1:27812
[INFO][parser.go:51] 2025/11/14 20:08:46 Read line: 
[INFO][handler.go:55] 2025/11/14 20:08:46 connection closed: 127.0.0.1:27823
[INFO][handler.go:90] 2025/11/14 20:08:46 close resp handler
[INFO][server.go:34] 2025/11/14 20:08:47 start listen at  [::]:6379
[INFO][server.go:60] 2025/11/14 20:08:49 accepted link  127.0.0.1:27829
[INFO][server.go:60] 2025/11/14 20:08:53 accepted link  127.0.0.1:27830
[INFO][parser.go:51] 2025/11/14 20:08:57 Read line: $4

[INFO][parser.go:82] 2025/11/14 20:09:00 收到多行字符串： $4

[INFO][parser.go:51] 2025/11/14 20:09:48 Read line: PING

[INFO][handler.go:77] 2025/11/14 20:11:40 request data type is not MultiBulkReply
[INFO][parser.go:51] 2025/11/14 20:11:40 Read line: 
[INFO][server.go:60] 2025/11/14 20:11:42 accepted link  127.0.0.1:27927
[INFO][parser.go:51] 2025/11/14 20:11:44 Read line: *3

[INFO][parser.go:51] 2025/11/14 20:11:44 Read line: $3

[INFO][handler.go:55] 2025/11/14 20:11:44 connection closed: 127.0.0.1:27829
[INFO][parser.go:51] 2025/11/14 20:11:44 Read line: SET

[INFO][parser.go:51] 2025/11/14 20:11:44 Read line: $3

[INFO][parser.go:51] 2025/11/14 20:11:44 Read line: key

[INFO][parser.go:51] 2025/11/14 20:11:44 Read line: $5

[INFO][parser.go:51] 2025/11/14 20:11:44 Read line: value

[INFO][parser.go:51] 2025/11/14 20:11:47 Read line: *3

[INFO][parser.go:51] 2025/11/14 20:11:47 Read line: $3

[INFO][parser.go:51] 2025/11/14 20:11:47 Read line: SET

[INFO][parser.go:51] 2025/11/14 20:11:47 Read line: $3

[INFO][parser.go:51] 2025/11/14 20:11:47 Read line: key

[INFO][parser.go:51] 2025/11/14 20:11:47 Read line: $5

[INFO][parser.go:51] 2025/11/14 20:11:47 Read line: value

[INFO][parser.go:51] 2025/11/14 20:11:49 Read line: *3

[INFO][parser.go:51] 2025/11/14 20:11:49 Read line: $3

[INFO][parser.go:51] 2025/11/14 20:11:49 Read line: SET

[INFO][parser.go:51] 2025/11/14 20:11:49 Read line: $3

[INFO][parser.go:51] 2025/11/14 20:11:49 Read line: key

[INFO][parser.go:51] 2025/11/14 20:11:49 Read line: $5

[INFO][parser.go:51] 2025/11/14 20:11:49 Read line: value

[INFO][parser.go:51] 2025/11/14 20:11:49 Read line: *3

[INFO][parser.go:51] 2025/11/14 20:11:49 Read line: $3

[INFO][parser.go:51] 2025/11/14 20:11:49 Read line: SET

[INFO][parser.go:51] 2025/11/14 20:11:49 Read line: $3

[INFO][parser.go:51] 2025/11/14 20:11:49 Read line: key

[INFO][parser.go:51] 2025/11/14 20:11:49 Read line: $5

[INFO][parser.go:51] 2025/11/14 20:11:49 Read line: value

[INFO][parser.go:51] 2025/11/14 20:11:50 Read line: *3

[INFO][parser.go:51] 2025/11/14 20:11:50 Read line: $3

[INFO][parser.go:51] 2025/11/14 20:11:50 Read line: SET

[INFO][parser.go:51] 2025/11/14 20:11:50 Read line: $3

[INFO][parser.go:51] 2025/11/14 20:11:50 Read line: key

[INFO][parser.go:51] 2025/11/14 20:11:50 Read line: $5

[INFO][parser.go:51] 2025/11/14 20:11:50 Read line: value

[INFO][parser.go:51] 2025/11/14 20:11:50 Read line: *3

[INFO][parser.go:51] 2025/11/14 20:11:50 Read line: $3

[INFO][parser.go:51] 2025/11/14 20:11:50 Read line: SET

[INFO][parser.go:51] 2025/11/14 20:11:50 Read line: $3

[INFO][parser.go:51] 2025/11/14 20:11:50 Read line: key

[INFO][parser.go:51] 2025/11/14 20:11:50 Read line: $5

[INFO][parser.go:51] 2025/11/14 20:11:50 Read line: value

[INFO][server.go:43] 2025/11/14 20:11:51 shutting down
[INFO][handler.go:90] 2025/11/14 20:11:51 close resp handler
[INFO][parser.go:51] 2025/11/14 20:11:51 Read line: 
[INFO][handler.go:55] 2025/11/14 20:11:51 connection closed: 127.0.0.1:27830
[INFO][parser.go:51] 2025/11/14 20:11:51 Read line: 
[INFO][handler.go:55] 2025/11/14 20:11:51 connection closed: 127.0.0.1:27927
[INFO][handler.go:90] 2025/11/14 20:11:51 close resp handler
[INFO][server.go:34] 2025/11/14 20:11:55 start listen at  [::]:6379
[INFO][server.go:60] 2025/11/14 20:11:56 accepted link  127.0.0.1:27951
[INFO][server.go:60] 2025/11/14 20:11:56 accepted link  127.0.0.1:27952
[INFO][parser.go:51] 2025/11/14 20:12:00 Read line: *3

[INFO][parser.go:51] 2025/11/14 20:12:00 Read line: $3

[INFO][parser.go:51] 2025/11/14 20:12:00 Read line: SET

[INFO][parser.go:51] 2025/11/14 20:12:00 Read line: $3

[INFO][parser.go:51] 2025/11/14 20:12:00 Read line: key

[INFO][parser.go:51] 2025/11/14 20:12:00 Read line: $5

[INFO][parser.go:51] 2025/11/14 20:12:00 Read line: value

[INFO][parser.go:51] 2025/11/14 20:12:03 Read line: *3

[INFO][parser.go:51] 2025/11/14 20:12:03 Read line: $3

[INFO][parser.go:51] 2025/11/14 20:12:03 Read line: SET

[INFO][parser.go:51] 2025/11/14 20:12:03 Read line: $3

[INFO][parser.go:51] 2025/11/14 20:12:03 Read line: key

[INFO][parser.go:51] 2025/11/14 20:12:03 Read line: $5

[INFO][parser.go:51] 2025/11/14 20:12:03 Read line: value

[INFO][server.go:43] 2025/11/14 20:12:06 shutting down
[INFO][handler.go:90] 2025/11/14 20:12:06 close resp handler
[INFO][parser.go:51] 2025/11/14 20:12:06 Read line: 
[INFO][handler.go:55] 2025/11/14 20:12:06 connection closed: 127.0.0.1:27952
[INFO][parser.go:51] 2025/11/14 20:12:06 Read line: 
[INFO][handler.go:55] 2025/11/14 20:12:06 connection closed: 127.0.0.1:27951
[INFO][handler.go:90] 2025/11/14 20:12:06 close resp handler
[INFO][server.go:34] 2025/11/14 20:12:07 start listen at  [::]:6379
[INFO][server.go:60] 2025/11/14 20:12:10 accepted link  127.0.0.1:27979
[INFO][server.go:60] 2025/11/14 20:12:13 accepted link  127.0.0.1:27980
[INFO][parser.go:51] 2025/11/14 20:12:21 Read line: *3

[INFO][parser.go:51] 2025/11/14 20:13:42 Read line: $3

[INFO][parser.go:51] 2025/11/14 20:15:15 Read line: SET

[INFO][parser.go:51] 2025/11/14 20:16:32 Read line: $3

[INFO][parser.go:51] 2025/11/14 20:16:55 Read line: key

[INFO][parser.go:51] 2025/11/14 20:17:31 Read line: $5

[INFO][parser.go:51] 2025/11/14 20:17:35 Read line: value

[INFO][parser.go:51] 2025/11/14 20:20:24 Read line: +OK

[INFO][handler.go:77] 2025/11/14 20:20:24 request data type is not MultiBulkReply
[INFO][server.go:43] 2025/11/14 20:20:29 shutting down
[INFO][handler.go:90] 2025/11/14 20:20:29 close resp handler
[INFO][parser.go:51] 2025/11/14 20:20:29 Read line: 
[INFO][handler.go:55] 2025/11/14 20:20:29 connection closed: 127.0.0.1:27979
[INFO][parser.go:51] 2025/11/14 20:20:29 Read line: 
[INFO][handler.go:55] 2025/11/14 20:20:29 connection closed: 127.0.0.1:27980
[INFO][handler.go:90] 2025/11/14 20:20:29 close resp handler
[INFO][server.go:34] 2025/11/14 20:20:30 start listen at  [::]:6379
[INFO][server.go:60] 2025/11/14 20:20:34 accepted link  127.0.0.1:28424
[INFO][server.go:60] 2025/11/14 20:20:35 accepted link  127.0.0.1:28425
[INFO][parser.go:51] 2025/11/14 20:20:35 Read line: +OK

[INFO][handler.go:77] 2025/11/14 20:20:35 request data type is not MultiBulkReply
[INFO][parser.go:51] 2025/11/14 20:23:46 Read line: *2

[INFO][parser.go:51] 2025/11/14 20:23:46 Read line: $6

[INFO][parser.go:51] 2025/11/14 20:23:46 Read line: SELECT

[INFO][parser.go:51] 2025/11/14 20:23:46 Read line: $1

[INFO][parser.go:51] 2025/11/14 20:23:46 Read line: 4

[INFO][parser.go:51] 2025/11/14 20:23:49 Read line: *2

[INFO][parser.go:51] 2025/11/14 20:23:49 Read line: $6

[INFO][parser.go:51] 2025/11/14 20:23:49 Read line: SELECT

[INFO][parser.go:51] 2025/11/14 20:23:49 Read line: $1

[INFO][parser.go:51] 2025/11/14 20:23:49 Read line: 4

[INFO][parser.go:51] 2025/11/14 20:24:11 Read line: *2

[INFO][parser.go:51] 2025/11/14 20:24:11 Read line: $6

[INFO][parser.go:51] 2025/11/14 20:24:11 Read line: SELECT

[INFO][parser.go:51] 2025/11/14 20:24:11 Read line: $1

[INFO][parser.go:51] 2025/11/14 20:24:11 Read line: 
[ERROR][parser.go:40] 2025/11/14 20:24:11 goroutine 11 [running]:
runtime/debug.Stack()
	C:/Users/awu/go/go1.24.8/src/runtime/debug/stack.go:26 +0x6b
go-redis/resp/parser.parse0.func1()
	D:/codes/go-redis/resp/parser/parser.go:40 +0x45
panic({0x936f40?, 0xc0000116f8?})
	C:/Users/awu/go/go1.24.8/src/runtime/panic.go:792 +0x136
go-redis/resp/parser.readLine(0xc000088120, 0xc0000b7d20)
	D:/codes/go-redis/resp/parser/parser.go:144 +0x585
go-redis/resp/parser.parse0({0x212e6023fc8, 0xc00009a000}, 0xc00001a310)
	D:/codes/go-redis/resp/parser/parser.go:50 +0xee
created by go-redis/resp/parser.ParseStream in goroutine 19
	D:/codes/go-redis/resp/parser/parser.go:33 +0xe6

[INFO][server.go:43] 2025/11/14 20:24:26 shutting down
[INFO][handler.go:90] 2025/11/14 20:24:26 close resp handler
[INFO][parser.go:51] 2025/11/14 20:24:26 Read line: 
[INFO][handler.go:55] 2025/11/14 20:24:26 connection closed: 127.0.0.1:28424
[INFO][server.go:34] 2025/11/14 20:24:41 start listen at  [::]:6379
[INFO][server.go:60] 2025/11/14 20:24:46 accepted link  127.0.0.1:28654
[INFO][server.go:60] 2025/11/14 20:24:48 accepted link  127.0.0.1:28655
[INFO][parser.go:51] 2025/11/14 20:24:49 Read line: *2

[INFO][parser.go:51] 2025/11/14 20:24:49 Read line: $6

[INFO][parser.go:51] 2025/11/14 20:24:49 Read line: SELECT

[INFO][parser.go:51] 2025/11/14 20:24:49 Read line: $2

[INFO][parser.go:51] 2025/11/14 20:24:49 Read line: -1

