[INFO][server.go:34] 2025/10/27 21:33:36 start listen at  [::]:6379
[FATAL][main.go:44] 2025/10/27 21:33:38 listen tcp 0.0.0.0:6379: bind: Only one usage of each socket address (protocol/network address/port) is normally permitted.
[INFO][server.go:43] 2025/10/27 21:33:46 shutting down
[INFO][handler.go:88] 2025/10/27 21:33:46 close resp handler
[INFO][server.go:34] 2025/10/27 21:33:47 start listen at  [::]:6379
[INFO][server.go:60] 2025/10/27 21:33:55 accepted link  127.0.0.1:54524
[INFO][parser.go:51] 2025/10/27 21:33:57 Read line: *3

[INFO][parser.go:51] 2025/10/27 21:33:57 Read line: $3

[INFO][parser.go:51] 2025/10/27 21:33:57 Read line: SET

[INFO][parser.go:51] 2025/10/27 21:33:57 Read line: $3

[INFO][parser.go:51] 2025/10/27 21:33:57 Read line: key

[INFO][parser.go:51] 2025/10/27 21:33:57 Read line: $5

[INFO][parser.go:51] 2025/10/27 21:33:57 Read line: value

[INFO][parser.go:51] 2025/10/27 21:34:52 Read line: *3

[INFO][parser.go:51] 2025/10/27 21:34:52 Read line: $3

[INFO][parser.go:51] 2025/10/27 21:34:52 Read line: SET

[INFO][parser.go:51] 2025/10/27 21:34:52 Read line: $3

[INFO][parser.go:51] 2025/10/27 21:34:52 Read line: key

[INFO][parser.go:51] 2025/10/27 21:34:52 Read line: $5

[INFO][parser.go:51] 2025/10/27 21:34:52 Read line: value

[INFO][parser.go:51] 2025/10/27 21:34:53 Read line: *3

[INFO][parser.go:51] 2025/10/27 21:34:53 Read line: $3

[INFO][parser.go:51] 2025/10/27 21:34:53 Read line: SET

[INFO][parser.go:51] 2025/10/27 21:34:53 Read line: $3

[INFO][parser.go:51] 2025/10/27 21:34:53 Read line: key

[INFO][parser.go:51] 2025/10/27 21:34:53 Read line: $5

[INFO][parser.go:51] 2025/10/27 21:34:53 Read line: value

[INFO][parser.go:51] 2025/10/27 21:34:53 Read line: *3

[INFO][parser.go:51] 2025/10/27 21:34:53 Read line: $3

[INFO][parser.go:51] 2025/10/27 21:34:53 Read line: SET

[INFO][parser.go:51] 2025/10/27 21:34:53 Read line: $3

[INFO][parser.go:51] 2025/10/27 21:34:53 Read line: key

[INFO][parser.go:51] 2025/10/27 21:34:53 Read line: $5

[INFO][parser.go:51] 2025/10/27 21:34:53 Read line: value

[INFO][parser.go:51] 2025/10/27 21:34:54 Read line: *3

[INFO][parser.go:51] 2025/10/27 21:34:54 Read line: $3

[INFO][parser.go:51] 2025/10/27 21:34:54 Read line: SET

[INFO][parser.go:51] 2025/10/27 21:34:54 Read line: $3

[INFO][parser.go:51] 2025/10/27 21:34:54 Read line: key

[INFO][parser.go:51] 2025/10/27 21:34:54 Read line: $5

[INFO][parser.go:51] 2025/10/27 21:34:54 Read line: value

[INFO][server.go:43] 2025/10/27 21:36:31 shutting down
[INFO][handler.go:88] 2025/10/27 21:36:31 close resp handler
[INFO][parser.go:51] 2025/10/27 21:36:31 Read line: 
[INFO][handler.go:55] 2025/10/27 21:36:31 connection closed: 127.0.0.1:54524
[INFO][handler.go:88] 2025/10/27 21:36:31 close resp handler
[INFO][server.go:34] 2025/10/27 21:36:36 start listen at  [::]:6379
[INFO][server.go:60] 2025/10/27 21:36:37 accepted link  127.0.0.1:54854
[INFO][parser.go:51] 2025/10/27 21:37:52 Read line: *3

[INFO][parser.go:51] 2025/10/27 21:37:52 Read line: $3

[INFO][parser.go:51] 2025/10/27 21:37:52 Read line: SET

[INFO][parser.go:51] 2025/10/27 21:37:52 Read line: $3

[INFO][parser.go:51] 2025/10/27 21:37:52 Read line: key

[INFO][parser.go:51] 2025/10/27 21:37:52 Read line: $5

[INFO][parser.go:51] 2025/10/27 21:37:52 Read line: value

[INFO][parser.go:51] 2025/10/27 21:39:00 Read line: *3

[INFO][parser.go:51] 2025/10/27 21:39:00 Read line: $3

[INFO][parser.go:51] 2025/10/27 21:39:00 Read line: SET

[INFO][parser.go:51] 2025/10/27 21:39:00 Read line: $3

[INFO][parser.go:51] 2025/10/27 21:39:00 Read line: key

[INFO][parser.go:51] 2025/10/27 21:39:00 Read line: $5

[INFO][parser.go:51] 2025/10/27 21:39:00 Read line: value

[INFO][server.go:43] 2025/10/27 21:39:32 shutting down
[INFO][handler.go:88] 2025/10/27 21:39:32 close resp handler
[INFO][parser.go:51] 2025/10/27 21:39:32 Read line: 
[INFO][handler.go:55] 2025/10/27 21:39:32 connection closed: 127.0.0.1:54854
[INFO][handler.go:88] 2025/10/27 21:39:32 close resp handler
[INFO][server.go:34] 2025/10/27 21:39:35 start listen at  [::]:6379
[INFO][server.go:60] 2025/10/27 21:39:37 accepted link  127.0.0.1:55083
[INFO][parser.go:51] 2025/10/27 21:39:39 Read line: *3

[INFO][parser.go:51] 2025/10/27 21:39:39 Read line: $3

[INFO][parser.go:51] 2025/10/27 21:39:39 Read line: SET

[INFO][parser.go:51] 2025/10/27 21:39:39 Read line: $3

[INFO][parser.go:51] 2025/10/27 21:39:39 Read line: key

[INFO][parser.go:51] 2025/10/27 21:39:39 Read line: $5

[INFO][parser.go:51] 2025/10/27 21:39:39 Read line: value

[INFO][server.go:43] 2025/10/27 21:43:38 shutting down
[INFO][handler.go:90] 2025/10/27 21:43:38 close resp handler
[INFO][parser.go:51] 2025/10/27 21:43:38 Read line: 
[INFO][handler.go:55] 2025/10/27 21:43:38 connection closed: 127.0.0.1:55083
[INFO][handler.go:90] 2025/10/27 21:43:38 close resp handler
[INFO][server.go:34] 2025/10/27 21:43:40 start listen at  [::]:6379
[INFO][server.go:60] 2025/10/27 21:43:43 accepted link  127.0.0.1:55512
[INFO][parser.go:51] 2025/10/27 21:43:44 Read line: *3

[INFO][parser.go:51] 2025/10/27 21:43:44 Read line: $3

[INFO][parser.go:51] 2025/10/27 21:43:44 Read line: SET

[INFO][parser.go:51] 2025/10/27 21:43:44 Read line: $3

[INFO][parser.go:51] 2025/10/27 21:43:44 Read line: key

[INFO][parser.go:51] 2025/10/27 21:43:44 Read line: $5

[INFO][parser.go:51] 2025/10/27 21:43:44 Read line: value

[INFO][parser.go:51] 2025/10/27 21:44:56 Read line: *2

[INFO][parser.go:51] 2025/10/27 21:44:56 Read line: $3

[INFO][parser.go:51] 2025/10/27 21:44:56 Read line: key

[INFO][parser.go:51] 2025/10/27 21:44:56 Read line: $5

[INFO][parser.go:51] 2025/10/27 21:44:56 Read line: value

[INFO][parser.go:51] 2025/10/27 21:45:13 Read line: *2

[INFO][parser.go:51] 2025/10/27 21:45:13 Read line: $3

[INFO][parser.go:51] 2025/10/27 21:45:13 Read line: set

[INFO][parser.go:51] 2025/10/27 21:45:13 Read line: $5

[INFO][parser.go:51] 2025/10/27 21:45:13 Read line: value

[INFO][parser.go:51] 2025/10/27 21:45:24 Read line: *2

[INFO][parser.go:51] 2025/10/27 21:45:24 Read line: $3

[INFO][parser.go:51] 2025/10/27 21:45:24 Read line: get

[INFO][parser.go:51] 2025/10/27 21:45:24 Read line: $5

[INFO][parser.go:51] 2025/10/27 21:45:24 Read line: value

[ERROR][database.go:30] 2025/10/27 21:45:26 interface conversion: interface {} is nil, not *database.DataEntity
[INFO][parser.go:51] 2025/10/27 21:45:36 Read line: *2

[INFO][parser.go:51] 2025/10/27 21:45:36 Read line: $3

[INFO][parser.go:51] 2025/10/27 21:45:36 Read line: get

[INFO][parser.go:51] 2025/10/27 21:45:36 Read line: $5

[INFO][parser.go:51] 2025/10/27 21:45:43 Read line: 
[INFO][parser.go:51] 2025/10/27 21:45:43 Read line: 

[INFO][parser.go:51] 2025/10/27 21:45:51 Read line: $3

[INFO][parser.go:82] 2025/10/27 21:45:51 收到多行字符串： $3

[INFO][parser.go:51] 2025/10/27 21:45:51 Read line: get

[INFO][parser.go:51] 2025/10/27 21:45:51 Read line: $5

[INFO][parser.go:82] 2025/10/27 21:45:51 收到多行字符串： $5

[INFO][handler.go:77] 2025/10/27 21:45:53 request data type is not MultiBulkReply
[INFO][parser.go:51] 2025/10/27 21:46:03 Read line: 
[INFO][parser.go:51] 2025/10/27 21:46:03 Read line: 

[INFO][parser.go:51] 2025/10/27 21:46:07 Read line: $3

[INFO][parser.go:82] 2025/10/27 21:46:07 收到多行字符串： $3

[INFO][parser.go:51] 2025/10/27 21:46:07 Read line: get

[INFO][parser.go:51] 2025/10/27 21:46:07 Read line: $3

[INFO][parser.go:82] 2025/10/27 21:46:07 收到多行字符串： $3

[INFO][parser.go:51] 2025/10/27 21:46:08 Read line: key

[INFO][handler.go:77] 2025/10/27 21:46:08 request data type is not MultiBulkReply
[INFO][handler.go:77] 2025/10/27 21:46:09 request data type is not MultiBulkReply
[INFO][parser.go:51] 2025/10/27 21:50:29 Read line: *2

[INFO][parser.go:51] 2025/10/27 21:50:29 Read line: $3

[INFO][parser.go:51] 2025/10/27 21:50:29 Read line: get

[INFO][parser.go:51] 2025/10/27 21:50:29 Read line: $3

[INFO][parser.go:51] 2025/10/27 21:50:29 Read line: key

[INFO][parser.go:51] 2025/10/27 21:51:05 Read line: *2

[INFO][parser.go:51] 2025/10/27 21:51:05 Read line: $3

[INFO][parser.go:51] 2025/10/27 21:51:05 Read line: get

[INFO][parser.go:51] 2025/10/27 21:51:05 Read line: $3

[INFO][parser.go:51] 2025/10/27 21:51:05 Read line: key

[INFO][server.go:43] 2025/10/27 21:51:08 shutting down
[INFO][handler.go:90] 2025/10/27 21:51:08 close resp handler
[INFO][parser.go:51] 2025/10/27 21:51:08 Read line: 
[INFO][handler.go:55] 2025/10/27 21:51:08 connection closed: 127.0.0.1:55512
[INFO][handler.go:90] 2025/10/27 21:51:08 close resp handler
